Arguments: 
  /Users/victor/.nvm/versions/node/v16.0.0/bin/node /usr/local/Cellar/yarn/1.22.10/libexec/bin/yarn.js

PATH: 
  /Users/victor/.nvm/versions/node/v16.0.0/bin:/Library/Frameworks/Python.framework/Versions/3.9/bin:/usr/local/bin:/usr/bin:/bin:/usr/sbin:/sbin:/usr/local/go/bin:/Library/Apple/usr/bin:/Applications/Postgres.app/Contents/Versions/latest/bin

Yarn version: 
  1.22.10

Node version: 
  16.0.0

Platform: 
  darwin x64

Trace: 
  Error: https://registry.yarnpkg.com/@tfg-victor-rosa%20%2fcommon: Not found
      at Request.params.callback [as _callback] (/usr/local/Cellar/yarn/1.22.10/libexec/lib/cli.js:66988:18)
      at Request.self.callback (/usr/local/Cellar/yarn/1.22.10/libexec/lib/cli.js:140749:22)
      at Request.emit (node:events:365:28)
      at Request.<anonymous> (/usr/local/Cellar/yarn/1.22.10/libexec/lib/cli.js:141721:10)
      at Request.emit (node:events:365:28)
      at IncomingMessage.<anonymous> (/usr/local/Cellar/yarn/1.22.10/libexec/lib/cli.js:141643:12)
      at Object.onceWrapper (node:events:471:28)
      at IncomingMessage.emit (node:events:377:35)
      at endReadableNT (node:internal/streams/readable:1312:12)
      at processTicksAndRejections (node:internal/process/task_queues:83:21)

npm manifest: 
  {
    "name": "expiration",
    "version": "1.0.0",
    "main": "index.js",
    "license": "MIT",
    "devDependencies": {
      "@types/jest": "^26.0.23",
      "jest": "^26.6.3",
      "ts-jest": "^26.5.5",
      "ts-node-dev": "^1.1.6",
      "typescript": "^4.2.4"
    },
    "dependencies": {
      "@tfg-victor-rosa /common": "^1.0.30",
      "@types/node": "15.12.2",
      "node-nats-streaming": "^0.3.2"
    },
    "scripts": {
      "start": "ts-node-dev src/index.ts",
      "test": "jest --watchAll --no-cache",
      "test:ci": "jest"
    },
    "jest": {
      "preset": "ts-jest",
      "testEnvironment": "node",
      "setupFilesAfterEnv": [
        "./src/test/setup.ts"
      ]
    }
  }

yarn manifest: 
  No manifest

Lockfile: 
  No lockfile
